# ELBREAD: Elaboration process.
# ELBREAD: Elaboration time 0.0 [s].
asim -O5 +access +r +m+Q3 Q3 solve
# ELBREAD: Elaboration process.
# ELBREAD: Elaboration time 0.0 [s].
# VSIM: Stack memory: 32MB
# VSIM: Retval memory: 32MB
# KERNEL: Main thread initiated.
# KERNEL: Kernel process initialization phase.
# ELAB2: Elaboration final pass...
# ELAB2: Create instances ...
# KERNEL: Time resolution set to 1ps.
# ELAB2: Create instances complete.
# SLP: Started
# SLP: Elaboration phase ...
# SLP: Elaboration phase ... skipped, nothing to simulate in SLP mode : 0.0 [s]
# SLP: Finished : 0.0 [s]
# ELAB2: Elaboration final pass complete - time: 0.0 [s].
# KERNEL: Kernel process initialization done.
# Allocation: Simulator allocated 5564 kB (elbread=427 elab2=4998 kernel=138 sdf=0)
# KERNEL: ASDB file was created in location C:\Users\lenovo\Desktop\term6\CAD\HW2\3\Q3\Q3\src\wave.asdb
#  8:34 PM, Wednesday, May 31, 2023
#  Simulation has been initialized
run
# KERNEL: Simulation has finished. There are no more test vectors to simulate.
run
# KERNEL: Simulation has finished. There are no more test vectors to simulate.
run 100 ns
# KERNEL: stopped at time: 100 ns
# KERNEL: Simulation has finished. There are no more test vectors to simulate.
run 100 ns
# KERNEL: stopped at time: 200 ns
# KERNEL: Simulation has finished. There are no more test vectors to simulate.
run 100 ns
# KERNEL: stopped at time: 300 ns
# KERNEL: Simulation has finished. There are no more test vectors to simulate.
endsim
# VSIM: Simulation has finished.
acom -O3 -e 100 -work Q3 -2002  $dsn/src/TestBench/q3_TB.vhd
# Warning: DAGGEN_0523: The source is compiled without the -dbg switch. Line breakpoints and assertion debug will not be available.
# File: C:/Users/lenovo/Desktop/term6/CAD/HW2/3/Q3/Q3/src/TestBench/q3_TB.vhd
# Compile Entity "q3_tb"
# Compile Architecture "TB_ARCHITECTURE" of Entity "q3_tb"
# Error: COMP96_0029: TestBench/q3_TB.vhd : (38, 12): Expression expected.
# Compile Configuration "TESTBENCH_FOR_q3"
# Compile failure 1 Errors 0 Warnings  Analysis time :  16.0 [ms]
acom -O3 -e 100 -work Q3 -2002  $dsn/src/Q3.vhd
# Warning: DAGGEN_0523: The source is compiled without the -dbg switch. Line breakpoints and assertion debug will not be available.
# File: C:/Users/lenovo/Desktop/term6/CAD/HW2/3/Q3/Q3/src/Q3.vhd
# Compile Entity "one_by_one"
# Error: COMP96_0055: Q3.vhd : (75, 10): Cannot find context item "work.types".
# Compile Architecture "one_by_one" of Entity "one_by_one"
# Error: COMP96_0056: Q3.vhd : (87, 1): Cannot find referenced entity declaration "one_by_one".
# Compile failure 2 Errors 0 Warnings  Analysis time :  16.0 [ms]
acom -O3 -e 100 -work Q3 -2002  $dsn/src/Q3.vhd
# Warning: DAGGEN_0523: The source is compiled without the -dbg switch. Line breakpoints and assertion debug will not be available.
# File: C:/Users/lenovo/Desktop/term6/CAD/HW2/3/Q3/Q3/src/Q3.vhd
# Compile Entity "one_by_one"
# Error: COMP96_0055: Q3.vhd : (75, 10): Cannot find context item "work.types".
# Compile Architecture "one_by_one" of Entity "one_by_one"
# Error: COMP96_0056: Q3.vhd : (87, 1): Cannot find referenced entity declaration "one_by_one".
# Compile failure 2 Errors 0 Warnings  Analysis time :  0.0 [ms]
acom -O3 -e 100 -work Q3 -2002  $dsn/src/Q3.vhd
# Warning: DAGGEN_0523: The source is compiled without the -dbg switch. Line breakpoints and assertion debug will not be available.
# File: C:/Users/lenovo/Desktop/term6/CAD/HW2/3/Q3/Q3/src/Q3.vhd
# Compile Entity "one_by_one"
# Compile Architecture "one_by_one" of Entity "one_by_one"
# Compile success 0 Errors 0 Warnings  Analysis time :  15.0 [ms]
acom -O3 -e 100 -work Q3 -2002  $dsn/src/TestBench/q3_TB.vhd
# Warning: DAGGEN_0523: The source is compiled without the -dbg switch. Line breakpoints and assertion debug will not be available.
# File: C:/Users/lenovo/Desktop/term6/CAD/HW2/3/Q3/Q3/src/TestBench/q3_TB.vhd
# Compile Entity "q3_tb"
# Compile Architecture "TB_ARCHITECTURE" of Entity "q3_tb"
# Error: COMP96_0029: TestBench/q3_TB.vhd : (38, 12): Expression expected.
# Compile Configuration "TESTBENCH_FOR_q3"
# Compile failure 1 Errors 0 Warnings  Analysis time :  16.0 [ms]
acom -O3 -e 100 -work Q3 -2002  $dsn/src/TestBench/q3_TB.vhd
# Warning: DAGGEN_0523: The source is compiled without the -dbg switch. Line breakpoints and assertion debug will not be available.
# File: C:/Users/lenovo/Desktop/term6/CAD/HW2/3/Q3/Q3/src/TestBench/q3_TB.vhd
# Compile Entity "q3_tb"
# Compile Architecture "TB_ARCHITECTURE" of Entity "q3_tb"
# Error: COMP96_0029: TestBench/q3_TB.vhd : (38, 12): Expression expected.
# Compile Configuration "TESTBENCH_FOR_q3"
# Compile failure 1 Errors 0 Warnings  Analysis time :  16.0 [ms]
acom -O3 -e 100 -work Q3 -2002  $dsn/src/TestBench/q3_TB.vhd
# Warning: DAGGEN_0523: The source is compiled without the -dbg switch. Line breakpoints and assertion debug will not be available.
# File: C:/Users/lenovo/Desktop/term6/CAD/HW2/3/Q3/Q3/src/TestBench/q3_TB.vhd
# Compile Entity "q3_tb"
# Compile Architecture "TB_ARCHITECTURE" of Entity "q3_tb"
# Error: COMP96_0029: TestBench/q3_TB.vhd : (38, 12): Expression expected.
# Compile Configuration "TESTBENCH_FOR_q3"
# Compile failure 1 Errors 0 Warnings  Analysis time :  16.0 [ms]
acom -O3 -e 100 -work Q3 -2002  $dsn/src/TestBench/q3_TB.vhd
# Warning: DAGGEN_0523: The source is compiled without the -dbg switch. Line breakpoints and assertion debug will not be available.
# File: C:/Users/lenovo/Desktop/term6/CAD/HW2/3/Q3/Q3/src/TestBench/q3_TB.vhd
# Compile Entity "q3_tb"
# Compile Architecture "TB_ARCHITECTURE" of Entity "q3_tb"
# Compile Configuration "TESTBENCH_FOR_q3"
# Compile success 0 Errors 0 Warnings  Analysis time :  16.0 [ms]
asim -O5 +access +r +m+Q3 Q3 solve
# ELBREAD: Elaboration process.
# ELBREAD: Elaboration time 0.0 [s].
# VSIM: Stack memory: 32MB
# VSIM: Retval memory: 32MB
# KERNEL: Main thread initiated.
# KERNEL: Kernel process initialization phase.
# ELAB2: Elaboration final pass...
# ELAB2: Create instances ...
# KERNEL: Time resolution set to 1ps.
# ELAB2: Create instances complete.
# SLP: Started
# SLP: Elaboration phase ...
# SLP: Elaboration phase ... skipped, nothing to simulate in SLP mode : 0.0 [s]
# SLP: Finished : 0.0 [s]
# ELAB2: Elaboration final pass complete - time: 0.0 [s].
# KERNEL: Kernel process initialization done.
# Allocation: Simulator allocated 5564 kB (elbread=427 elab2=4998 kernel=138 sdf=0)
# KERNEL: ASDB file was created in location C:\Users\lenovo\Desktop\term6\CAD\HW2\3\Q3\Q3\src\wave.asdb
#  8:42 PM, Wednesday, May 31, 2023
#  Simulation has been initialized
run
# KERNEL: Simulation has finished. There are no more test vectors to simulate.
run 100 ns
# KERNEL: stopped at time: 100 ns
# KERNEL: Simulation has finished. There are no more test vectors to simulate.
run 100 ns
# KERNEL: stopped at time: 200 ns
# KERNEL: Simulation has finished. There are no more test vectors to simulate.
run 100 ns
# KERNEL: stopped at time: 300 ns
# KERNEL: Simulation has finished. There are no more test vectors to simulate.
run 100 ns
# KERNEL: stopped at time: 400 ns
# KERNEL: Simulation has finished. There are no more test vectors to simulate.
run 100 ns
# KERNEL: stopped at time: 500 ns
# KERNEL: Simulation has finished. There are no more test vectors to simulate.
run 100 ns
# KERNEL: stopped at time: 600 ns
# KERNEL: Simulation has finished. There are no more test vectors to simulate.
acom -O3 -e 100 -work Q3 -2002  $dsn/src/Q3.vhd $dsn/src/TestBench/q3_TB.vhd
# Warning: DAGGEN_0523: The source is compiled without the -dbg switch. Line breakpoints and assertion debug will not be available.
# File: C:/Users/lenovo/Desktop/term6/CAD/HW2/3/Q3/Q3/src/Q3.vhd
# Compile Entity "one_by_one"
# Compile Architecture "one_by_one" of Entity "one_by_one"
# File: C:/Users/lenovo/Desktop/term6/CAD/HW2/3/Q3/Q3/src/TestBench/q3_TB.vhd
# Compile Entity "q3_tb"
# Compile Architecture "TB_ARCHITECTURE" of Entity "q3_tb"
# Compile Configuration "TESTBENCH_FOR_q3"
# Compile success 0 Errors 0 Warnings  Analysis time :  47.0 [ms]
run
acom -O3 -e 100 -work Q3 -2002  $dsn/src/Q3.vhd
# Warning: DAGGEN_0523: The source is compiled without the -dbg switch. Line breakpoints and assertion debug will not be available.
# File: C:/Users/lenovo/Desktop/term6/CAD/HW2/3/Q3/Q3/src/Q3.vhd
# Compile Entity "Q3"
# Compile Architecture "solve" of Entity "Q3"
# Compile success 0 Errors 0 Warnings  Analysis time :  47.0 [ms]
# ELBREAD: Elaboration process.
# ELBREAD: Elaboration time 0.0 [s].
# KERNEL: Main thread initiated.
# KERNEL: Kernel process initialization phase.
# ELAB2: Elaboration final pass...
# ELAB2: Create instances ...
# KERNEL: Time resolution set to 1ps.
# ELAB2: Create instances complete.
# SLP: Started
# SLP: Elaboration phase ...
# SLP: Elaboration phase ... skipped, nothing to simulate in SLP mode : 0.0 [s]
# SLP: Finished : 0.0 [s]
# ELAB2: Elaboration final pass complete - time: 0.0 [s].
# KERNEL: Kernel process initialization done.
# Allocation: Simulator allocated 5564 kB (elbread=427 elab2=4998 kernel=138 sdf=0)
# KERNEL: ASDB file was created in location C:\Users\lenovo\Desktop\term6\CAD\HW2\3\Q3\Q3\src\wave.asdb
#  8:42 PM, Wednesday, May 31, 2023
#  Simulation has been initialized
endsim
# VSIM: Simulation has finished.
acom -O3 -e 100 -work Q3 -2002  $dsn/src/Q3.vhd
# Warning: DAGGEN_0523: The source is compiled without the -dbg switch. Line breakpoints and assertion debug will not be available.
# File: C:/Users/lenovo/Desktop/term6/CAD/HW2/3/Q3/Q3/src/Q3.vhd
# Compile Entity "Q3"
# Compile Architecture "solve" of Entity "Q3"
# Compile success 0 Errors 0 Warnings  Analysis time :  15.0 [ms]
asim -O5 +access +r +m+Q3 Q3 solve
# ELBREAD: Elaboration process.
# ELBREAD: Elaboration time 0.0 [s].
# VSIM: Stack memory: 32MB
# VSIM: Retval memory: 32MB
# KERNEL: Main thread initiated.
# KERNEL: Kernel process initialization phase.
# ELAB2: Elaboration final pass...
# ELAB2: Create instances ...
# KERNEL: Time resolution set to 1ps.
# ELAB2: Create instances complete.
# SLP: Started
# SLP: Elaboration phase ...
# SLP: Elaboration phase ... skipped, nothing to simulate in SLP mode : 0.0 [s]
# SLP: Finished : 0.0 [s]
# ELAB2: Elaboration final pass complete - time: 0.0 [s].
# KERNEL: Kernel process initialization done.
# Allocation: Simulator allocated 5564 kB (elbread=427 elab2=4998 kernel=138 sdf=0)
# KERNEL: ASDB file was created in location C:\Users\lenovo\Desktop\term6\CAD\HW2\3\Q3\Q3\src\wave.asdb
#  8:43 PM, Wednesday, May 31, 2023
#  Simulation has been initialized
run
# KERNEL: Simulation has finished. There are no more test vectors to simulate.
endsim
# VSIM: Simulation has finished.
