Active-HDL 13.0.375.8320 2023-06-02 10:54:33

Elaboration top modules:
Architecture                  behavioral(matrix_calc)


----------------------------------------------------------------------------------------------
Entity      | Architecture | Library | Info | Compiler Version          | Compilation Options
----------------------------------------------------------------------------------------------
matrix_calc | behavioral   | Q3      |      | 13.0.375.8320 (Windows64) | -O3
----------------------------------------------------------------------------------------------

----------------------------------------------------------------------------------------------
VHDL Package               | Library | Info | Compiler Version          | Compilation Options
----------------------------------------------------------------------------------------------
standard                   | std     |      |                           | <unavailable>
TEXTIO                     | std     |      | 13.0.375.8320 (Windows64) |  -2019
std_logic_1164             | ieee    |      | 13.0.375.8320 (Windows64) |  -2008
NUMERIC_STD                | ieee    |      | 13.0.375.8320 (Windows64) |  -2008
MATH_REAL                  | ieee    |      | 13.0.375.8320 (Windows64) | <unavailable>
my_package                 | Q3      |      | 13.0.375.8320 (Windows64) | -O3
----------------------------------------------------------------------------------------------

----------------------------------------------------------------------------------------------
Library                    | Comment
----------------------------------------------------------------------------------------------
ieee                       | Standard IEEE packages library
Q3                         | None
std                        | Standard VHDL library
----------------------------------------------------------------------------------------------
