Active-HDL 13.0.375.8320 2023-06-02 20:02:57

Elaboration top modules:
Architecture                  Behavioral(Calculator)


---------------------------------------------------------------------------------------------
Entity     | Architecture | Library | Info | Compiler Version          | Compilation Options
---------------------------------------------------------------------------------------------
Calculator | Behavioral   | Q2      |      | 13.0.375.8320 (Windows64) | -O3
---------------------------------------------------------------------------------------------

---------------------------------------------------------------------------------------------
VHDL Package              | Library | Info | Compiler Version          | Compilation Options
---------------------------------------------------------------------------------------------
standard                  | std     |      |                           | <unavailable>
TEXTIO                    | std     |      | 13.0.375.8320 (Windows64) |  -2019
std_logic_1164            | ieee    |      | 13.0.375.8320 (Windows64) |  -2008
CalculatorPackage         | Q2      |      | 13.0.375.8320 (Windows64) | -O3
---------------------------------------------------------------------------------------------

---------------------------------------------------------------------------------------------
Library                   | Comment
---------------------------------------------------------------------------------------------
ieee                      | Standard IEEE packages library
Q2                        | None
std                       | Standard VHDL library
---------------------------------------------------------------------------------------------
