# Design: Design Q2 already active.
# DESIGN: Default Design Language: VHDL
# DESIGN: Default BDE Language: VHDL
# DESIGN: Flow Manager: Not Defined
acom -reorder -O3 -e 100 -work Q2 -2002  $dsn/src/Q2.vhd
# Warning: DAGGEN_0523: The source is compiled without the -dbg switch. Line breakpoints and assertion debug will not be available.
# File: C:/Users/lenovo/Desktop/term6/CAD/Quiz3/2/Q2/Q2/src/Q2.vhd
# Compile Entity "avg_median"
# Compile Architecture "Behavioral" of Entity "avg_median"
# Top-level unit(s) detected:
# Entity => avg_median
# Error: COMP96_0016: Q2.vhd : (1, 1): Design unit declaration expected.
# Compile failure 1 Errors 0 Warnings  Analysis time :  47.0 [ms]
acom -O3 -e 100 -work Q2 -2002  $dsn/src/Q2.vhd
# Warning: DAGGEN_0523: The source is compiled without the -dbg switch. Line breakpoints and assertion debug will not be available.
# File: C:/Users/lenovo/Desktop/term6/CAD/Quiz3/2/Q2/Q2/src/Q2.vhd
# Compile Entity "avg_median"
# Compile Architecture "Behavioral" of Entity "avg_median"
# Compile success 0 Errors 0 Warnings  Analysis time :  16.0 [ms]
acom -O3 -e 100 -work Q2 -2002  $dsn/src/Q2.vhd
# Warning: DAGGEN_0523: The source is compiled without the -dbg switch. Line breakpoints and assertion debug will not be available.
# File: C:/Users/lenovo/Desktop/term6/CAD/Quiz3/2/Q2/Q2/src/Q2.vhd
# Compile Entity "Q2"
# Compile Architecture "Behavioral" of Entity "Q2"
# Compile success 0 Errors 0 Warnings  Analysis time :  31.0 [ms]
acom -O3 -e 100 -work Q2 -2002  $dsn/src/Q2.vhd
# Warning: DAGGEN_0523: The source is compiled without the -dbg switch. Line breakpoints and assertion debug will not be available.
# File: C:/Users/lenovo/Desktop/term6/CAD/Quiz3/2/Q2/Q2/src/Q2.vhd
# Compile Entity "AverageMedian"
# Error: COMP96_0078: Q2.vhd : (4, 23): Unknown identifier "std_logic_vector".
# Error: COMP96_0064: Q2.vhd : (4, 23): Unknown type.
# Error: COMP96_0078: Q2.vhd : (5, 23): Unknown identifier "std_logic_vector".
# Error: COMP96_0064: Q2.vhd : (5, 23): Unknown type.
# Error: COMP96_0078: Q2.vhd : (6, 22): Unknown identifier "std_logic_vector".
# Error: COMP96_0064: Q2.vhd : (6, 22): Unknown type.
# Compile Architecture "Behavioral" of Entity "AverageMedian"
# Error: COMP96_0056: Q2.vhd : (10, 1): Cannot find referenced entity declaration "AverageMedian".
# Compile failure 7 Errors 0 Warnings  Analysis time :  16.0 [ms]
acom -O3 -e 100 -work Q2 -2002  $dsn/src/Q2.vhd
# Warning: DAGGEN_0523: The source is compiled without the -dbg switch. Line breakpoints and assertion debug will not be available.
# File: C:/Users/lenovo/Desktop/term6/CAD/Quiz3/2/Q2/Q2/src/Q2.vhd
# Compile Entity "Q2"
# Compile Architecture "Behavioral" of Entity "Q2"
# Compile success 0 Errors 0 Warnings  Analysis time :  16.0 [ms]
acom -O3 -e 100 -work Q2 -2002  $dsn/src/Q2.vhd
# Warning: DAGGEN_0523: The source is compiled without the -dbg switch. Line breakpoints and assertion debug will not be available.
# File: C:/Users/lenovo/Desktop/term6/CAD/Quiz3/2/Q2/Q2/src/Q2.vhd
# Compile Entity "Q2"
# Compile Architecture "Behavioral" of Entity "Q2"
# Compile success 0 Errors 0 Warnings  Analysis time :  32.0 [ms]
