Active-HDL 13.0.375.8320 2023-06-30 19:07:03

Elaboration top modules:
Architecture                  Behavioral(StringDetector)


-------------------------------------------------------------------------------------------------
Entity         | Architecture | Library | Info | Compiler Version          | Compilation Options
-------------------------------------------------------------------------------------------------
StringDetector | Behavioral   | Q3      |      | 13.0.375.8320 (Windows64) | -O3
-------------------------------------------------------------------------------------------------

-------------------------------------------------------------------------------------------------
VHDL Package                  | Library | Info | Compiler Version          | Compilation Options
-------------------------------------------------------------------------------------------------
standard                      | std     |      |                           | <unavailable>
TEXTIO                        | std     |      | 13.0.375.8320 (Windows64) |  -2019
std_logic_1164                | ieee    |      | 13.0.375.8320 (Windows64) |  -2008
-------------------------------------------------------------------------------------------------

-------------------------------------------------------------------------------------------------
Library                       | Comment
-------------------------------------------------------------------------------------------------
ieee                          | Standard IEEE packages library
Q3                            | None
std                           | Standard VHDL library
-------------------------------------------------------------------------------------------------
