Active-HDL 13.0.375.8320 2023-04-13 16:55:03

Elaboration top modules:
Architecture                  TB_ARCHITECTURE(complex_calculator_tb)


-----------------------------------------------------------------------------------------------------------
Entity                | Architecture    | Library | Info | Compiler Version          | Compilation Options
-----------------------------------------------------------------------------------------------------------
complex_calculator_tb | TB_ARCHITECTURE | q5      |      | 13.0.375.8320 (Windows64) | -O3
complex_calculator    | Behavioral      | q5      |      | 13.0.375.8320 (Windows64) | -O3
-----------------------------------------------------------------------------------------------------------

-----------------------------------------------------------------------------------------------------------
VHDL Package                            | Library | Info | Compiler Version          | Compilation Options
-----------------------------------------------------------------------------------------------------------
standard                                | std     |      |                           | <unavailable>
TEXTIO                                  | std     |      | 13.0.375.8320 (Windows64) |  -2019
std_logic_1164                          | ieee    |      | 13.0.375.8320 (Windows64) |  -2008
NUMERIC_STD                             | ieee    |      | 13.0.375.8320 (Windows64) |  -2008
com_package                             | q5      |      | 13.0.375.8320 (Windows64) | -O3
-----------------------------------------------------------------------------------------------------------

-----------------------------------------------------------------------------------------------------------
Library                                 | Comment
-----------------------------------------------------------------------------------------------------------
ieee                                    | Standard IEEE packages library
q5                                      | None
std                                     | Standard VHDL library
-----------------------------------------------------------------------------------------------------------
