Active-HDL 13.0.375.8320 2023-05-31 19:15:07

Elaboration top modules:
Architecture                  TB_ARCHITECTURE(squareroot_tb)


---------------------------------------------------------------------------------------------------
Entity        | Architecture    | Library | Info | Compiler Version          | Compilation Options
---------------------------------------------------------------------------------------------------
squareroot_tb | TB_ARCHITECTURE | Q2      |      | 13.0.375.8320 (Windows64) | -O3
SquareRoot    | Behavioral      | Q2      |      | 13.0.375.8320 (Windows64) | -O3
---------------------------------------------------------------------------------------------------

---------------------------------------------------------------------------------------------------
VHDL Package                    | Library | Info | Compiler Version          | Compilation Options
---------------------------------------------------------------------------------------------------
standard                        | std     |      |                           | <unavailable>
TEXTIO                          | std     |      | 13.0.375.8320 (Windows64) |  -2019
std_logic_1164                  | ieee    |      | 13.0.375.8320 (Windows64) |  -2008
MATH_REAL                       | ieee    |      | 13.0.375.8320 (Windows64) | <unavailable>
NUMERIC_STD                     | ieee    |      | 13.0.375.8320 (Windows64) |  -2008
---------------------------------------------------------------------------------------------------

---------------------------------------------------------------------------------------------------
Library                         | Comment
---------------------------------------------------------------------------------------------------
ieee                            | Standard IEEE packages library
Q2                              | None
std                             | Standard VHDL library
---------------------------------------------------------------------------------------------------
