Active-HDL 13.0.375.8320 2023-04-13 16:51:49

Elaboration top modules:
Architecture                  TB_ARCHITECTURE(unarytobinary_tb)


------------------------------------------------------------------------------------------------------
Entity           | Architecture    | Library | Info | Compiler Version          | Compilation Options
------------------------------------------------------------------------------------------------------
unarytobinary_tb | TB_ARCHITECTURE | q3      |      | 13.0.375.8320 (Windows64) | -O3
UnaryToBinary    | Behavioral      | q3      |      | 13.0.375.8320 (Windows64) | -O3
------------------------------------------------------------------------------------------------------

------------------------------------------------------------------------------------------------------
VHDL Package                       | Library | Info | Compiler Version          | Compilation Options
------------------------------------------------------------------------------------------------------
standard                           | std     |      |                           | <unavailable>
TEXTIO                             | std     |      | 13.0.375.8320 (Windows64) |  -2019
std_logic_1164                     | ieee    |      | 13.0.375.8320 (Windows64) |  -2008
------------------------------------------------------------------------------------------------------

------------------------------------------------------------------------------------------------------
Library                            | Comment
------------------------------------------------------------------------------------------------------
ieee                               | Standard IEEE packages library
q3                                 | None
std                                | Standard VHDL library
------------------------------------------------------------------------------------------------------
