Active-HDL 13.0.375.8320 2023-05-31 19:18:40

Elaboration top modules:
Architecture                  TB_ARCHITECTURE(q1_tb)


----------------------------------------------------------------------------------------------
Entity   | Architecture    | Library | Info | Compiler Version          | Compilation Options
----------------------------------------------------------------------------------------------
q1_tb    | TB_ARCHITECTURE | q1      |      | 13.0.375.8320 (Windows64) | -O3
Q1       | Q1_arch         | q1      |      | 13.0.375.8320 (Windows64) | -O3
----------------------------------------------------------------------------------------------

----------------------------------------------------------------------------------------------
VHDL Package               | Library | Info | Compiler Version          | Compilation Options
----------------------------------------------------------------------------------------------
standard                   | std     |      |                           | <unavailable>
TEXTIO                     | std     |      | 13.0.375.8320 (Windows64) |  -2019
std_logic_1164             | ieee    |      | 13.0.375.8320 (Windows64) |  -2008
NUMERIC_STD                | ieee    |      | 13.0.375.8320 (Windows64) |  -2008
pack                       | q1      |      | 13.0.375.8320 (Windows64) | -O3
----------------------------------------------------------------------------------------------

----------------------------------------------------------------------------------------------
Library                    | Comment
----------------------------------------------------------------------------------------------
ieee                       | Standard IEEE packages library
q1                         | None
std                        | Standard VHDL library
----------------------------------------------------------------------------------------------


Simulation Options: asim -O5 +access +r +m+q1_tb q1_tb TB_ARCHITECTURE

