# ELBREAD: Elaboration process.
# ELBREAD: Elaboration time 0.2 [s].
asim -O5 +access +r +m+complex_calculator_tb complex_calculator_tb TB_ARCHITECTURE
# ELBREAD: Elaboration process.
# ELBREAD: Elaboration time 0.0 [s].
# VSIM: Stack memory: 32MB
# VSIM: Retval memory: 32MB
# KERNEL: Main thread initiated.
# KERNEL: Kernel process initialization phase.
# ELAB2: Elaboration final pass...
# ELAB2: Create instances ...
# KERNEL: Time resolution set to 1ps.
# ELAB2: Create instances complete.
# SLP: Started
# SLP: Elaboration phase ...
# SLP: Elaboration phase ... skipped, nothing to simulate in SLP mode : 0.0 [s]
# SLP: Finished : 0.0 [s]
# ELAB2: Elaboration final pass complete - time: 0.1 [s].
# KERNEL: Kernel process initialization done.
# Allocation: Simulator allocated 5438 kB (elbread=427 elab2=4872 kernel=139 sdf=0)
# KERNEL: ASDB file was created in location D:\active hdl\soal5\Q5\src\wave.asdb
#  4:33 PM, Thursday, April 13, 2023
#  Simulation has been initialized
run 100 ns
# KERNEL: Simulation has finished. There are no more test vectors to simulate.
# VSIM: 1 object(s) traced.
# Waveform file 'untitled.awc' connected to 'D:/active hdl/soal5/Q5/src/wave.asdb'.
# VSIM: 1 object(s) traced.
# VSIM: 1 object(s) traced.
# VSIM: 1 object(s) traced.
# VSIM: 1 object(s) traced.
# VSIM: 1 object(s) traced.
run 100 ns
# KERNEL: stopped at time: 200 ns
# KERNEL: Simulation has finished. There are no more test vectors to simulate.
run 100 ns
# KERNEL: stopped at time: 300 ns
# KERNEL: Simulation has finished. There are no more test vectors to simulate.
endsim
# VSIM: Simulation has finished.
asim -O5 +access +r +m+complex_calculator_tb complex_calculator_tb TB_ARCHITECTURE
# ELBREAD: Elaboration process.
# ELBREAD: Elaboration time 0.0 [s].
# VSIM: Stack memory: 32MB
# VSIM: Retval memory: 32MB
# KERNEL: Main thread initiated.
# KERNEL: Kernel process initialization phase.
# ELAB2: Elaboration final pass...
# ELAB2: Create instances ...
# KERNEL: Time resolution set to 1ps.
# ELAB2: Create instances complete.
# SLP: Started
# SLP: Elaboration phase ...
# SLP: Elaboration phase ... skipped, nothing to simulate in SLP mode : 0.0 [s]
# SLP: Finished : 0.0 [s]
# ELAB2: Elaboration final pass complete - time: 0.0 [s].
# KERNEL: Kernel process initialization done.
# Allocation: Simulator allocated 5438 kB (elbread=427 elab2=4872 kernel=139 sdf=0)
# KERNEL: ASDB file was created in location D:\active hdl\soal5\Q5\src\wave.asdb
#  4:34 PM, Thursday, April 13, 2023
#  Simulation has been initialized
# Waveform file 'untitled.awc' connected to 'D:/active hdl/soal5/Q5/src/wave.asdb'.
run 100 ns
# KERNEL: Simulation has finished. There are no more test vectors to simulate.
# VSIM: 1 object(s) traced.
endsim
# VSIM: Simulation has finished.
# Warning: WAVEFORM: Object matching /complex_calculator_tb/B not found in D:/active hdl/soal5/Q5/src/wave.asdb.
# Warning: WAVEFORM: Object matching /complex_calculator_tb/B not found in D:/active hdl/soal5/Q5/src/wave.asdb.
asim -O5 +access +r +m+complex_calculator_tb complex_calculator_tb TB_ARCHITECTURE
# ELBREAD: Elaboration process.
# ELBREAD: Elaboration time 0.0 [s].
# VSIM: Stack memory: 32MB
# VSIM: Retval memory: 32MB
# KERNEL: Main thread initiated.
# KERNEL: Kernel process initialization phase.
# ELAB2: Elaboration final pass...
# ELAB2: Create instances ...
# KERNEL: Time resolution set to 1ps.
# ELAB2: Create instances complete.
# SLP: Started
# SLP: Elaboration phase ...
# SLP: Elaboration phase ... skipped, nothing to simulate in SLP mode : 0.0 [s]
# SLP: Finished : 0.0 [s]
# ELAB2: Elaboration final pass complete - time: 0.0 [s].
# KERNEL: Kernel process initialization done.
# Allocation: Simulator allocated 5438 kB (elbread=427 elab2=4872 kernel=139 sdf=0)
# KERNEL: ASDB file was created in location D:\active hdl\soal5\Q5\src\wave.asdb
#  4:35 PM, Thursday, April 13, 2023
#  Simulation has been initialized
# Waveform file 'untitled.awc' connected to 'D:/active hdl/soal5/Q5/src/wave.asdb'.
run 100 ns
# KERNEL: Simulation has finished. There are no more test vectors to simulate.
# VSIM: 1 object(s) traced.
run 100 ns
# KERNEL: stopped at time: 200 ns
# KERNEL: Simulation has finished. There are no more test vectors to simulate.
# VSIM: 1 object(s) traced.
# VSIM: 1 object(s) traced.
run 100 ns
# KERNEL: stopped at time: 300 ns
# KERNEL: Simulation has finished. There are no more test vectors to simulate.
# VSIM: 1 object(s) traced.
# VSIM: 1 object(s) traced.
# VSIM: 1 object(s) traced.
run 100 ns
# KERNEL: stopped at time: 400 ns
# KERNEL: Simulation has finished. There are no more test vectors to simulate.
endsim
# VSIM: Simulation has finished.
asim -O5 +access +r +m+complex_calculator_tb complex_calculator_tb TB_ARCHITECTURE
# ELBREAD: Elaboration process.
# ELBREAD: Elaboration time 0.0 [s].
# VSIM: Stack memory: 32MB
# VSIM: Retval memory: 32MB
# KERNEL: Main thread initiated.
# KERNEL: Kernel process initialization phase.
# ELAB2: Elaboration final pass...
# ELAB2: Create instances ...
# KERNEL: Time resolution set to 1ps.
# ELAB2: Create instances complete.
# SLP: Started
# SLP: Elaboration phase ...
# SLP: Elaboration phase ... skipped, nothing to simulate in SLP mode : 0.0 [s]
# SLP: Finished : 0.0 [s]
# ELAB2: Elaboration final pass complete - time: 0.1 [s].
# KERNEL: Kernel process initialization done.
# Allocation: Simulator allocated 5438 kB (elbread=427 elab2=4872 kernel=139 sdf=0)
# KERNEL: ASDB file was created in location D:\active hdl\soal5\Q5\src\wave.asdb
#  4:36 PM, Thursday, April 13, 2023
#  Simulation has been initialized
# Waveform file 'untitled.awc' connected to 'D:/active hdl/soal5/Q5/src/wave.asdb'.
run 100 ns
# KERNEL: Simulation has finished. There are no more test vectors to simulate.
endsim
# VSIM: Simulation has finished.
