Active-HDL 13.0.375.8320 2023-07-04 14:52:16

Elaboration top modules:
Architecture                  Behavioral(Single_port_RAM_VHDL)


------------------------------------------------------------------------------------------------------------
Entity               | Architecture | Library      | Info | Compiler Version          | Compilation Options
------------------------------------------------------------------------------------------------------------
Single_port_RAM_VHDL | Behavioral   | CAD_Proejct2 |      | 13.0.375.8320 (Windows64) | -O3
------------------------------------------------------------------------------------------------------------

------------------------------------------------------------------------------------------------------------
VHDL Package                        | Library      | Info | Compiler Version          | Compilation Options
------------------------------------------------------------------------------------------------------------
standard                            | std          |      |                           | <unavailable>
TEXTIO                              | std          |      | 13.0.375.8320 (Windows64) |  -2019
std_logic_1164                      | ieee         |      | 13.0.375.8320 (Windows64) |  -2008
NUMERIC_STD                         | ieee         |      | 13.0.375.8320 (Windows64) |  -2008
------------------------------------------------------------------------------------------------------------

------------------------------------------------------------------------------------------------------------
Library                             | Comment
------------------------------------------------------------------------------------------------------------
CAD_Proejct2                        | None
ieee                                | Standard IEEE packages library
std                                 | Standard VHDL library
------------------------------------------------------------------------------------------------------------
