# Design: Design Q4 already active.
# DESIGN: Default Design Language: VHDL
# DESIGN: Default BDE Language: VHDL
# DESIGN: Flow Manager: Not Defined
acom -reorder -O3 -e 100 -work Q4 -2002  $dsn/src/Q4.vhd
# Warning: DAGGEN_0523: The source is compiled without the -dbg switch. Line breakpoints and assertion debug will not be available.
# File: C:/Users/lenovo/Desktop/term6/CAD/HW2/4/Q4/Q4/src/Q4.vhd
# Compile Entity "Q4"
# Compile Architecture "Behavioral" of Entity "Q4"
# Top-level unit(s) detected:
# Entity => Q4
# Compile success 0 Errors 0 Warnings  Analysis time :  47.0 [ms]
# ELBREAD: Elaboration process.
# ELBREAD: Elaboration time 0.0 [s].
acom -O3 -e 100 -work Q4 -2002  $dsn/src/Q4.vhd
# Warning: DAGGEN_0523: The source is compiled without the -dbg switch. Line breakpoints and assertion debug will not be available.
# File: C:/Users/lenovo/Desktop/term6/CAD/HW2/4/Q4/Q4/src/Q4.vhd
# Compile Entity "Q4"
# Compile Architecture "Behavioral" of Entity "Q4"
# Compile success 0 Errors 0 Warnings  Analysis time :  31.0 [ms]
acom -O3 -e 100 -work Q4 -2002  $dsn/src/Q4.vhd
# Warning: DAGGEN_0523: The source is compiled without the -dbg switch. Line breakpoints and assertion debug will not be available.
# File: C:/Users/lenovo/Desktop/term6/CAD/HW2/4/Q4/Q4/src/Q4.vhd
# Compile Entity "Q4"
# Compile Architecture "Behavioral" of Entity "Q4"
# Compile success 0 Errors 0 Warnings  Analysis time :  32.0 [ms]
acom -O3 -e 100 -work Q4 -2002  $dsn/src/TestBench/q4_TB.vhd
# Warning: DAGGEN_0523: The source is compiled without the -dbg switch. Line breakpoints and assertion debug will not be available.
# File: C:/Users/lenovo/Desktop/term6/CAD/HW2/4/Q4/Q4/src/TestBench/q4_TB.vhd
# Compile Entity "q4_tb"
# Compile Architecture "TB_ARCHITECTURE" of Entity "q4_tb"
# Error: COMP96_0029: TestBench/q4_TB.vhd : (58, 17): Expression expected.
# Compile Configuration "TESTBENCH_FOR_q4"
# Error: COMP96_0209: TestBench/q4_TB.vhd : (65, 6): Unknown architecture name used in configuration declaration.
# Compile failure 2 Errors 0 Warnings  Analysis time :  32.0 [ms]
acom -O3 -e 100 -work Q4 -2002  $dsn/src/TestBench/q4_TB.vhd
# Warning: DAGGEN_0523: The source is compiled without the -dbg switch. Line breakpoints and assertion debug will not be available.
# File: C:/Users/lenovo/Desktop/term6/CAD/HW2/4/Q4/Q4/src/TestBench/q4_TB.vhd
# Compile Entity "q4_tb"
# Compile Architecture "TB_ARCHITECTURE" of Entity "q4_tb"
# Error: COMP96_0029: TestBench/q4_TB.vhd : (58, 17): Expression expected.
# Compile Configuration "TESTBENCH_FOR_q4"
# Error: COMP96_0209: TestBench/q4_TB.vhd : (65, 6): Unknown architecture name used in configuration declaration.
# Compile failure 2 Errors 0 Warnings  Analysis time :  15.0 [ms]
acom -O3 -e 100 -work Q4 -2002  $dsn/src/TestBench/q4_TB.vhd
# Warning: DAGGEN_0523: The source is compiled without the -dbg switch. Line breakpoints and assertion debug will not be available.
# File: C:/Users/lenovo/Desktop/term6/CAD/HW2/4/Q4/Q4/src/TestBench/q4_TB.vhd
# Compile Entity "q4_tb"
# Compile Architecture "TB_ARCHITECTURE" of Entity "q4_tb"
# Compile Configuration "TESTBENCH_FOR_q4"
# Compile success 0 Errors 0 Warnings  Analysis time :  32.0 [ms]
asim -O5 +access +r +m+Q4 Q4 Behavioral
# ELBREAD: Elaboration process.
# ELBREAD: Elaboration time 0.0 [s].
# VSIM: Stack memory: 32MB
# VSIM: Retval memory: 32MB
# KERNEL: Main thread initiated.
# KERNEL: Kernel process initialization phase.
# ELAB2: Elaboration final pass...
# ELAB2: Create instances ...
# KERNEL: Time resolution set to 1ps.
# ELAB2: Create instances complete.
# SLP: Started
# SLP: Elaboration phase ...
# SLP: Elaboration phase ... skipped, nothing to simulate in SLP mode : 0.0 [s]
# SLP: Finished : 0.0 [s]
# ELAB2: Elaboration final pass complete - time: 0.0 [s].
# KERNEL: Kernel process initialization done.
# Allocation: Simulator allocated 5566 kB (elbread=427 elab2=5000 kernel=139 sdf=0)
# KERNEL: ASDB file was created in location C:\Users\lenovo\Desktop\term6\CAD\HW2\4\Q4\Q4\src\wave.asdb
#  10:05 PM, Wednesday, May 31, 2023
#  Simulation has been initialized
run
# KERNEL: WARNING: NUMERIC_STD."=": metavalue detected, returning FALSE
# KERNEL: Time: 0 ps,  Iteration: 0,  Instance: /Q4,  Process: line__19.
# KERNEL: Simulation has finished. There are no more test vectors to simulate.
run 100 ns
# KERNEL: stopped at time: 100 ns
# KERNEL: Simulation has finished. There are no more test vectors to simulate.
run 100 ns
# KERNEL: stopped at time: 200 ns
# KERNEL: Simulation has finished. There are no more test vectors to simulate.
# VSIM: 1 object(s) traced.
# Waveform file 'untitled.awc' connected to 'C:/Users/lenovo/Desktop/term6/CAD/HW2/4/Q4/Q4/src/wave.asdb'.
# VSIM: 1 object(s) traced.
# VSIM: 1 object(s) traced.
# VSIM: 1 object(s) traced.
# VSIM: 1 object(s) traced.
# VSIM: 1 object(s) traced.
# VSIM: 1 object(s) traced.
run
# KERNEL: Simulation has finished. There are no more test vectors to simulate.
endsim
# VSIM: Simulation has finished.
asim -O5 +access +r +m+Q4 Q4 Behavioral
# ELBREAD: Elaboration process.
# ELBREAD: Elaboration time 0.0 [s].
# VSIM: Stack memory: 32MB
# VSIM: Retval memory: 32MB
# KERNEL: Main thread initiated.
# KERNEL: Kernel process initialization phase.
# ELAB2: Elaboration final pass...
# ELAB2: Create instances ...
# KERNEL: Time resolution set to 1ps.
# ELAB2: Create instances complete.
# SLP: Started
# SLP: Elaboration phase ...
# SLP: Elaboration phase ... skipped, nothing to simulate in SLP mode : 0.0 [s]
# SLP: Finished : 0.0 [s]
# ELAB2: Elaboration final pass complete - time: 0.0 [s].
# KERNEL: Kernel process initialization done.
# Allocation: Simulator allocated 5566 kB (elbread=427 elab2=5000 kernel=139 sdf=0)
# KERNEL: ASDB file was created in location C:\Users\lenovo\Desktop\term6\CAD\HW2\4\Q4\Q4\src\wave.asdb
#  10:06 PM, Wednesday, May 31, 2023
#  Simulation has been initialized
# Waveform file 'untitled.awc' connected to 'C:/Users/lenovo/Desktop/term6/CAD/HW2/4/Q4/Q4/src/wave.asdb'.
run
# KERNEL: WARNING: NUMERIC_STD."=": metavalue detected, returning FALSE
# KERNEL: Time: 0 ps,  Iteration: 0,  Instance: /Q4,  Process: line__19.
# KERNEL: Simulation has finished. There are no more test vectors to simulate.
# VSIM: 1 object(s) traced.
endsim
# VSIM: Simulation has finished.
asim -O5 +access +r +m+Q4 Q4 Behavioral
# ELBREAD: Elaboration process.
# ELBREAD: Elaboration time 0.0 [s].
# VSIM: Stack memory: 32MB
# VSIM: Retval memory: 32MB
# KERNEL: Main thread initiated.
# KERNEL: Kernel process initialization phase.
# ELAB2: Elaboration final pass...
# ELAB2: Create instances ...
# KERNEL: Time resolution set to 1ps.
# ELAB2: Create instances complete.
# SLP: Started
# SLP: Elaboration phase ...
# SLP: Elaboration phase ... skipped, nothing to simulate in SLP mode : 0.0 [s]
# SLP: Finished : 0.0 [s]
# ELAB2: Elaboration final pass complete - time: 0.0 [s].
# KERNEL: Kernel process initialization done.
# Allocation: Simulator allocated 5566 kB (elbread=427 elab2=5000 kernel=139 sdf=0)
# KERNEL: ASDB file was created in location C:\Users\lenovo\Desktop\term6\CAD\HW2\4\Q4\Q4\src\wave.asdb
#  10:06 PM, Wednesday, May 31, 2023
#  Simulation has been initialized
# Waveform file 'untitled.awc' connected to 'C:/Users/lenovo/Desktop/term6/CAD/HW2/4/Q4/Q4/src/wave.asdb'.
run
# KERNEL: WARNING: NUMERIC_STD."=": metavalue detected, returning FALSE
# KERNEL: Time: 0 ps,  Iteration: 0,  Instance: /Q4,  Process: line__19.
# KERNEL: Simulation has finished. There are no more test vectors to simulate.
run 100 ns
# KERNEL: stopped at time: 100 ns
# KERNEL: Simulation has finished. There are no more test vectors to simulate.
run 100 ns
# KERNEL: stopped at time: 200 ns
# KERNEL: Simulation has finished. There are no more test vectors to simulate.
endsim
# VSIM: Simulation has finished.
# Waveform file 'C:/Users/lenovo/Desktop/term6/CAD/HW2/4/Q4/Q4/src/untitled.awc' connected to 'C:/Users/lenovo/Desktop/term6/CAD/HW2/4/Q4/Q4/src/untitled.asdb'.
# Adding file C:\Users\lenovo\Desktop\term6\CAD\HW2\4\Q4\Q4\src\untitled.asdb ... Done
# Adding file C:\Users\lenovo\Desktop\term6\CAD\HW2\4\Q4\Q4\src\untitled.awc ... Done
