# ELBREAD: Elaboration process.
# ELBREAD: Elaboration time 0.0 [s].
asim -O5 +access +r +m+q1_tb q1_tb TB_ARCHITECTURE
# ELBREAD: Elaboration process.
# ELBREAD: Elaboration time 0.0 [s].
# VSIM: Stack memory: 32MB
# VSIM: Retval memory: 32MB
# KERNEL: Main thread initiated.
# KERNEL: Kernel process initialization phase.
# ELAB2: Elaboration final pass...
# ELAB2: Create instances ...
# KERNEL: Time resolution set to 1ps.
# ELAB2: Create instances complete.
# SLP: Started
# SLP: Elaboration phase ...
# SLP: Elaboration phase ... skipped, nothing to simulate in SLP mode : 0.0 [s]
# SLP: Finished : 0.0 [s]
# ELAB2: Elaboration final pass complete - time: 0.0 [s].
# KERNEL: Kernel process initialization done.
# Allocation: Simulator allocated 5565 kB (elbread=427 elab2=4999 kernel=138 sdf=0)
# KERNEL: ASDB file was created in location C:\Users\lenovo\Desktop\term6\CAD\HW2\1\Soal1\Q1\src\wave.asdb
#  7:18 PM, Wednesday, May 31, 2023
#  Simulation has been initialized
run
# KERNEL: WARNING: NUMERIC_STD."<=": metavalue detected, returning FALSE
# KERNEL: Time: 0 ps,  Iteration: 0,  Instance: /q1_tb/UUT,  Process: line__15.
# KERNEL: WARNING: NUMERIC_STD."<=": metavalue detected, returning FALSE
# KERNEL: Time: 0 ps,  Iteration: 0,  Instance: /q1_tb/UUT,  Process: line__15.
# KERNEL: WARNING: NUMERIC_STD."<=": metavalue detected, returning FALSE
# KERNEL: Time: 0 ps,  Iteration: 0,  Instance: /q1_tb/UUT,  Process: line__15.
# KERNEL: WARNING: NUMERIC_STD."<=": metavalue detected, returning FALSE
# KERNEL: Time: 0 ps,  Iteration: 0,  Instance: /q1_tb/UUT,  Process: line__15.
# KERNEL: WARNING: NUMERIC_STD."<=": metavalue detected, returning FALSE
# KERNEL: Time: 0 ps,  Iteration: 0,  Instance: /q1_tb/UUT,  Process: line__15.
# KERNEL: WARNING: NUMERIC_STD."<=": metavalue detected, returning FALSE
# KERNEL: Time: 0 ps,  Iteration: 0,  Instance: /q1_tb/UUT,  Process: line__15.
# KERNEL: WARNING: NUMERIC_STD."<=": metavalue detected, returning FALSE
# KERNEL: Time: 0 ps,  Iteration: 0,  Instance: /q1_tb/UUT,  Process: line__15.
# KERNEL: WARNING: NUMERIC_STD."<=": metavalue detected, returning FALSE
# KERNEL: Time: 0 ps,  Iteration: 0,  Instance: /q1_tb/UUT,  Process: line__15.
# KERNEL: WARNING: NUMERIC_STD."<=": metavalue detected, returning FALSE
# KERNEL: Time: 0 ps,  Iteration: 0,  Instance: /q1_tb/UUT,  Process: line__15.
# KERNEL: WARNING: NUMERIC_STD."<=": metavalue detected, returning FALSE
# KERNEL: Time: 0 ps,  Iteration: 0,  Instance: /q1_tb/UUT,  Process: line__15.
# KERNEL: WARNING: NUMERIC_STD."<=": metavalue detected, returning FALSE
# KERNEL: Time: 0 ps,  Iteration: 0,  Instance: /q1_tb/UUT,  Process: line__15.
# KERNEL: WARNING: NUMERIC_STD."<=": metavalue detected, returning FALSE
# KERNEL: Time: 0 ps,  Iteration: 0,  Instance: /q1_tb/UUT,  Process: line__15.
# KERNEL: WARNING: NUMERIC_STD."<=": metavalue detected, returning FALSE
# KERNEL: Time: 0 ps,  Iteration: 0,  Instance: /q1_tb/UUT,  Process: line__15.
# KERNEL: WARNING: NUMERIC_STD."<=": metavalue detected, returning FALSE
# KERNEL: Time: 0 ps,  Iteration: 0,  Instance: /q1_tb/UUT,  Process: line__15.
# KERNEL: WARNING: NUMERIC_STD."<=": metavalue detected, returning FALSE
# KERNEL: Time: 0 ps,  Iteration: 0,  Instance: /q1_tb/UUT,  Process: line__15.
# KERNEL: WARNING: NUMERIC_STD."<=": metavalue detected, returning FALSE
# KERNEL: Time: 0 ps,  Iteration: 0,  Instance: /q1_tb/UUT,  Process: line__15.
# KERNEL: WARNING: NUMERIC_STD."<=": metavalue detected, returning FALSE
# KERNEL: Time: 0 ps,  Iteration: 0,  Instance: /q1_tb/UUT,  Process: line__15.
# KERNEL: WARNING: NUMERIC_STD."<=": metavalue detected, returning FALSE
# KERNEL: Time: 0 ps,  Iteration: 0,  Instance: /q1_tb/UUT,  Process: line__15.
# KERNEL: WARNING: NUMERIC_STD."<=": metavalue detected, returning FALSE
# KERNEL: Time: 0 ps,  Iteration: 0,  Instance: /q1_tb/UUT,  Process: line__15.
# KERNEL: WARNING: NUMERIC_STD."<=": metavalue detected, returning FALSE
# KERNEL: Time: 0 ps,  Iteration: 0,  Instance: /q1_tb/UUT,  Process: line__15.
# KERNEL: WARNING: NUMERIC_STD."<=": metavalue detected, returning FALSE
# KERNEL: Time: 0 ps,  Iteration: 0,  Instance: /q1_tb/UUT,  Process: line__15.
# KERNEL: WARNING: NUMERIC_STD."<=": metavalue detected, returning FALSE
# KERNEL: Time: 0 ps,  Iteration: 0,  Instance: /q1_tb/UUT,  Process: line__15.
# KERNEL: WARNING: NUMERIC_STD."<=": metavalue detected, returning FALSE
# KERNEL: Time: 0 ps,  Iteration: 0,  Instance: /q1_tb/UUT,  Process: line__15.
# KERNEL: WARNING: NUMERIC_STD."<=": metavalue detected, returning FALSE
# KERNEL: Time: 0 ps,  Iteration: 0,  Instance: /q1_tb/UUT,  Process: line__15.
# KERNEL: WARNING: NUMERIC_STD."<=": metavalue detected, returning FALSE
# KERNEL: Time: 0 ps,  Iteration: 0,  Instance: /q1_tb/UUT,  Process: line__15.
# KERNEL: WARNING: NUMERIC_STD."<=": metavalue detected, returning FALSE
# KERNEL: Time: 0 ps,  Iteration: 0,  Instance: /q1_tb/UUT,  Process: line__15.
# KERNEL: WARNING: NUMERIC_STD."<=": metavalue detected, returning FALSE
# KERNEL: Time: 0 ps,  Iteration: 0,  Instance: /q1_tb/UUT,  Process: line__15.
# KERNEL: WARNING: NUMERIC_STD."<=": metavalue detected, returning FALSE
# KERNEL: Time: 0 ps,  Iteration: 0,  Instance: /q1_tb/UUT,  Process: line__15.
# KERNEL: WARNING: NUMERIC_STD."<=": metavalue detected, returning FALSE
# KERNEL: Time: 0 ps,  Iteration: 0,  Instance: /q1_tb/UUT,  Process: line__15.
# KERNEL: WARNING: NUMERIC_STD."<=": metavalue detected, returning FALSE
# KERNEL: Time: 0 ps,  Iteration: 0,  Instance: /q1_tb/UUT,  Process: line__15.
# KERNEL: WARNING: NUMERIC_STD."<=": metavalue detected, returning FALSE
# KERNEL: Time: 0 ps,  Iteration: 0,  Instance: /q1_tb/UUT,  Process: line__15.
# KERNEL: WARNING: NUMERIC_STD."<=": metavalue detected, returning FALSE
# KERNEL: Time: 0 ps,  Iteration: 0,  Instance: /q1_tb/UUT,  Process: line__15.
# KERNEL: WARNING: NUMERIC_STD."<=": metavalue detected, returning FALSE
# KERNEL: Time: 0 ps,  Iteration: 0,  Instance: /q1_tb/UUT,  Process: line__15.
# KERNEL: WARNING: NUMERIC_STD."<=": metavalue detected, returning FALSE
# KERNEL: Time: 0 ps,  Iteration: 0,  Instance: /q1_tb/UUT,  Process: line__15.
# KERNEL: WARNING: NUMERIC_STD."<=": metavalue detected, returning FALSE
# KERNEL: Time: 0 ps,  Iteration: 0,  Instance: /q1_tb/UUT,  Process: line__15.
# KERNEL: WARNING: NUMERIC_STD."<=": metavalue detected, returning FALSE
# KERNEL: Time: 0 ps,  Iteration: 0,  Instance: /q1_tb/UUT,  Process: line__15.
# KERNEL: WARNING: NUMERIC_STD."<=": metavalue detected, returning FALSE
# KERNEL: Time: 0 ps,  Iteration: 0,  Instance: /q1_tb/UUT,  Process: line__15.
# KERNEL: WARNING: NUMERIC_STD."<=": metavalue detected, returning FALSE
# KERNEL: Time: 0 ps,  Iteration: 0,  Instance: /q1_tb/UUT,  Process: line__15.
# KERNEL: WARNING: NUMERIC_STD."<=": metavalue detected, returning FALSE
# KERNEL: Time: 0 ps,  Iteration: 0,  Instance: /q1_tb/UUT,  Process: line__15.
# KERNEL: WARNING: NUMERIC_STD."<=": metavalue detected, returning FALSE
# KERNEL: Time: 0 ps,  Iteration: 0,  Instance: /q1_tb/UUT,  Process: line__15.
# KERNEL: WARNING: NUMERIC_STD."<=": metavalue detected, returning FALSE
# KERNEL: Time: 0 ps,  Iteration: 0,  Instance: /q1_tb/UUT,  Process: line__15.
# KERNEL: WARNING: NUMERIC_STD."<=": metavalue detected, returning FALSE
# KERNEL: Time: 0 ps,  Iteration: 0,  Instance: /q1_tb/UUT,  Process: line__15.
# KERNEL: WARNING: NUMERIC_STD."<=": metavalue detected, returning FALSE
# KERNEL: Time: 0 ps,  Iteration: 0,  Instance: /q1_tb/UUT,  Process: line__15.
# KERNEL: WARNING: NUMERIC_STD."<=": metavalue detected, returning FALSE
# KERNEL: Time: 0 ps,  Iteration: 0,  Instance: /q1_tb/UUT,  Process: line__15.
# KERNEL: WARNING: NUMERIC_STD."<=": metavalue detected, returning FALSE
# KERNEL: Time: 0 ps,  Iteration: 0,  Instance: /q1_tb/UUT,  Process: line__15.
# KERNEL: WARNING: NUMERIC_STD."<=": metavalue detected, returning FALSE
# KERNEL: Time: 0 ps,  Iteration: 0,  Instance: /q1_tb/UUT,  Process: line__15.
# KERNEL: WARNING: NUMERIC_STD."<=": metavalue detected, returning FALSE
# KERNEL: Time: 0 ps,  Iteration: 0,  Instance: /q1_tb/UUT,  Process: line__15.
# KERNEL: WARNING: NUMERIC_STD."<=": metavalue detected, returning FALSE
# KERNEL: Time: 0 ps,  Iteration: 0,  Instance: /q1_tb/UUT,  Process: line__15.
# KERNEL: WARNING: NUMERIC_STD."<=": metavalue detected, returning FALSE
# KERNEL: Time: 0 ps,  Iteration: 0,  Instance: /q1_tb/UUT,  Process: line__15.
# KERNEL: WARNING: NUMERIC_STD."<=": metavalue detected, returning FALSE
# KERNEL: Time: 0 ps,  Iteration: 0,  Instance: /q1_tb/UUT,  Process: line__15.
# KERNEL: WARNING: NUMERIC_STD."<=": metavalue detected, returning FALSE
# KERNEL: Time: 0 ps,  Iteration: 0,  Instance: /q1_tb/UUT,  Process: line__15.
# KERNEL: WARNING: NUMERIC_STD."<=": metavalue detected, returning FALSE
# KERNEL: Time: 0 ps,  Iteration: 0,  Instance: /q1_tb/UUT,  Process: line__15.
# KERNEL: WARNING: NUMERIC_STD."<=": metavalue detected, returning FALSE
# KERNEL: Time: 0 ps,  Iteration: 0,  Instance: /q1_tb/UUT,  Process: line__15.
# KERNEL: WARNING: NUMERIC_STD."<=": metavalue detected, returning FALSE
# KERNEL: Time: 0 ps,  Iteration: 0,  Instance: /q1_tb/UUT,  Process: line__15.
# KERNEL: WARNING: NUMERIC_STD."<=": metavalue detected, returning FALSE
# KERNEL: Time: 0 ps,  Iteration: 0,  Instance: /q1_tb/UUT,  Process: line__15.
# KERNEL: WARNING: NUMERIC_STD."<=": metavalue detected, returning FALSE
# KERNEL: Time: 0 ps,  Iteration: 0,  Instance: /q1_tb/UUT,  Process: line__15.
# KERNEL: WARNING: NUMERIC_STD."<=": metavalue detected, returning FALSE
# KERNEL: Time: 0 ps,  Iteration: 0,  Instance: /q1_tb/UUT,  Process: line__15.
# KERNEL: WARNING: NUMERIC_STD."<=": metavalue detected, returning FALSE
# KERNEL: Time: 0 ps,  Iteration: 0,  Instance: /q1_tb/UUT,  Process: line__15.
# KERNEL: WARNING: NUMERIC_STD."<=": metavalue detected, returning FALSE
# KERNEL: Time: 0 ps,  Iteration: 0,  Instance: /q1_tb/UUT,  Process: line__15.
# KERNEL: WARNING: NUMERIC_STD."<=": metavalue detected, returning FALSE
# KERNEL: Time: 0 ps,  Iteration: 0,  Instance: /q1_tb/UUT,  Process: line__15.
# KERNEL: WARNING: NUMERIC_STD."<=": metavalue detected, returning FALSE
# KERNEL: Time: 0 ps,  Iteration: 0,  Instance: /q1_tb/UUT,  Process: line__15.
# KERNEL: WARNING: NUMERIC_STD."<=": metavalue detected, returning FALSE
# KERNEL: Time: 0 ps,  Iteration: 0,  Instance: /q1_tb/UUT,  Process: line__15.
# KERNEL: WARNING: NUMERIC_STD."<=": metavalue detected, returning FALSE
# KERNEL: Time: 0 ps,  Iteration: 0,  Instance: /q1_tb/UUT,  Process: line__15.
# KERNEL: WARNING: NUMERIC_STD."<=": metavalue detected, returning FALSE
# KERNEL: Time: 0 ps,  Iteration: 0,  Instance: /q1_tb/UUT,  Process: line__15.
# KERNEL: WARNING: NUMERIC_STD."<=": metavalue detected, returning FALSE
# KERNEL: Time: 0 ps,  Iteration: 0,  Instance: /q1_tb/UUT,  Process: line__15.
# KERNEL: WARNING: NUMERIC_STD."<=": metavalue detected, returning FALSE
# KERNEL: Time: 0 ps,  Iteration: 0,  Instance: /q1_tb/UUT,  Process: line__15.
# KERNEL: WARNING: NUMERIC_STD."<=": metavalue detected, returning FALSE
# KERNEL: Time: 0 ps,  Iteration: 0,  Instance: /q1_tb/UUT,  Process: line__15.
# KERNEL: WARNING: NUMERIC_STD."<=": metavalue detected, returning FALSE
# KERNEL: Time: 0 ps,  Iteration: 0,  Instance: /q1_tb/UUT,  Process: line__15.
# KERNEL: WARNING: NUMERIC_STD."<=": metavalue detected, returning FALSE
# KERNEL: Time: 0 ps,  Iteration: 0,  Instance: /q1_tb/UUT,  Process: line__15.
# KERNEL: WARNING: NUMERIC_STD."<=": metavalue detected, returning FALSE
# KERNEL: Time: 0 ps,  Iteration: 0,  Instance: /q1_tb/UUT,  Process: line__15.
# KERNEL: WARNING: NUMERIC_STD."<=": metavalue detected, returning FALSE
# KERNEL: Time: 0 ps,  Iteration: 0,  Instance: /q1_tb/UUT,  Process: line__15.
# KERNEL: WARNING: NUMERIC_STD."<=": metavalue detected, returning FALSE
# KERNEL: Time: 0 ps,  Iteration: 0,  Instance: /q1_tb/UUT,  Process: line__15.
# KERNEL: WARNING: NUMERIC_STD."<=": metavalue detected, returning FALSE
# KERNEL: Time: 0 ps,  Iteration: 0,  Instance: /q1_tb/UUT,  Process: line__15.
# KERNEL: WARNING: NUMERIC_STD."<=": metavalue detected, returning FALSE
# KERNEL: Time: 0 ps,  Iteration: 0,  Instance: /q1_tb/UUT,  Process: line__15.
# KERNEL: WARNING: NUMERIC_STD."<=": metavalue detected, returning FALSE
# KERNEL: Time: 0 ps,  Iteration: 0,  Instance: /q1_tb/UUT,  Process: line__15.
# KERNEL: WARNING: NUMERIC_STD."<=": metavalue detected, returning FALSE
# KERNEL: Time: 0 ps,  Iteration: 0,  Instance: /q1_tb/UUT,  Process: line__15.
# KERNEL: WARNING: NUMERIC_STD."<=": metavalue detected, returning FALSE
# KERNEL: Time: 0 ps,  Iteration: 0,  Instance: /q1_tb/UUT,  Process: line__15.
# KERNEL: WARNING: NUMERIC_STD."<=": metavalue detected, returning FALSE
# KERNEL: Time: 0 ps,  Iteration: 0,  Instance: /q1_tb/UUT,  Process: line__15.
# KERNEL: WARNING: NUMERIC_STD."<=": metavalue detected, returning FALSE
# KERNEL: Time: 0 ps,  Iteration: 0,  Instance: /q1_tb/UUT,  Process: line__15.
# KERNEL: WARNING: NUMERIC_STD."<=": metavalue detected, returning FALSE
# KERNEL: Time: 0 ps,  Iteration: 0,  Instance: /q1_tb/UUT,  Process: line__15.
# KERNEL: WARNING: NUMERIC_STD."<=": metavalue detected, returning FALSE
# KERNEL: Time: 0 ps,  Iteration: 0,  Instance: /q1_tb/UUT,  Process: line__15.
# KERNEL: WARNING: NUMERIC_STD."<=": metavalue detected, returning FALSE
# KERNEL: Time: 0 ps,  Iteration: 0,  Instance: /q1_tb/UUT,  Process: line__15.
# KERNEL: WARNING: NUMERIC_STD."<=": metavalue detected, returning FALSE
# KERNEL: Time: 0 ps,  Iteration: 0,  Instance: /q1_tb/UUT,  Process: line__15.
# KERNEL: WARNING: NUMERIC_STD."<=": metavalue detected, returning FALSE
# KERNEL: Time: 0 ps,  Iteration: 0,  Instance: /q1_tb/UUT,  Process: line__15.
# KERNEL: WARNING: NUMERIC_STD."<=": metavalue detected, returning FALSE
# KERNEL: Time: 0 ps,  Iteration: 0,  Instance: /q1_tb/UUT,  Process: line__15.
# KERNEL: WARNING: NUMERIC_STD."<=": metavalue detected, returning FALSE
# KERNEL: Time: 0 ps,  Iteration: 0,  Instance: /q1_tb/UUT,  Process: line__15.
# KERNEL: WARNING: NUMERIC_STD."<=": metavalue detected, returning FALSE
# KERNEL: Time: 0 ps,  Iteration: 0,  Instance: /q1_tb/UUT,  Process: line__15.
# KERNEL: WARNING: NUMERIC_STD."<=": metavalue detected, returning FALSE
# KERNEL: Time: 0 ps,  Iteration: 0,  Instance: /q1_tb/UUT,  Process: line__15.
# KERNEL: WARNING: NUMERIC_STD."<=": metavalue detected, returning FALSE
# KERNEL: Time: 0 ps,  Iteration: 0,  Instance: /q1_tb/UUT,  Process: line__15.
# KERNEL: WARNING: NUMERIC_STD."<=": metavalue detected, returning FALSE
# KERNEL: Time: 0 ps,  Iteration: 0,  Instance: /q1_tb/UUT,  Process: line__15.
# KERNEL: WARNING: NUMERIC_STD."<=": metavalue detected, returning FALSE
# KERNEL: Time: 0 ps,  Iteration: 0,  Instance: /q1_tb/UUT,  Process: line__15.
# KERNEL: WARNING: NUMERIC_STD."<=": metavalue detected, returning FALSE
# KERNEL: Time: 0 ps,  Iteration: 0,  Instance: /q1_tb/UUT,  Process: line__15.
# KERNEL: WARNING: NUMERIC_STD."<=": metavalue detected, returning FALSE
# KERNEL: Time: 0 ps,  Iteration: 0,  Instance: /q1_tb/UUT,  Process: line__15.
# KERNEL: WARNING: NUMERIC_STD."<=": metavalue detected, returning FALSE
# KERNEL: Time: 0 ps,  Iteration: 0,  Instance: /q1_tb/UUT,  Process: line__15.
# KERNEL: WARNING: NUMERIC_STD."<=": metavalue detected, returning FALSE
# KERNEL: Time: 0 ps,  Iteration: 0,  Instance: /q1_tb/UUT,  Process: line__15.
# KERNEL: WARNING: NUMERIC_STD."<=": metavalue detected, returning FALSE
# KERNEL: Time: 0 ps,  Iteration: 0,  Instance: /q1_tb/UUT,  Process: line__15.
# KERNEL: WARNING: NUMERIC_STD."<=": metavalue detected, returning FALSE
# KERNEL: Time: 0 ps,  Iteration: 0,  Instance: /q1_tb/UUT,  Process: line__15.
# KERNEL: WARNING: NUMERIC_STD."<=": metavalue detected, returning FALSE
# KERNEL: Time: 0 ps,  Iteration: 0,  Instance: /q1_tb/UUT,  Process: line__15.
# KERNEL: WARNING: NUMERIC_STD."<=": metavalue detected, returning FALSE
# KERNEL: Time: 0 ps,  Iteration: 0,  Instance: /q1_tb/UUT,  Process: line__15.
# KERNEL: WARNING: NUMERIC_STD."<=": metavalue detected, returning FALSE
# KERNEL: Time: 0 ps,  Iteration: 0,  Instance: /q1_tb/UUT,  Process: line__15.
# KERNEL: Simulation has finished. There are no more test vectors to simulate.
# VSIM: 1 object(s) traced.
# Waveform file 'untitled.awc' connected to 'C:/Users/lenovo/Desktop/term6/CAD/HW2/1/Soal1/Q1/src/wave.asdb'.
# VSIM: 1 object(s) traced.
run 100 ns
# KERNEL: stopped at time: 300 ns
# KERNEL: Simulation has finished. There are no more test vectors to simulate.
# Waveform file 'C:/Users/lenovo/Desktop/term6/CAD/HW2/1/Soal1/Q1/src/untitled.awc' connected to 'C:/Users/lenovo/Desktop/term6/CAD/HW2/1/Soal1/Q1/src/untitled.asdb'.
# Adding file C:\Users\lenovo\Desktop\term6\CAD\HW2\1\Soal1\Q1\src\untitled.asdb ... Done
# Adding file C:\Users\lenovo\Desktop\term6\CAD\HW2\1\Soal1\Q1\src\untitled.awc ... Done
