Active-HDL 13.0.375.8320 2023-04-13 16:53:11

Elaboration top modules:
Architecture                  TB_ARCHITECTURE(q4_tb)


----------------------------------------------------------------------------------------------
Entity   | Architecture    | Library | Info | Compiler Version          | Compilation Options
----------------------------------------------------------------------------------------------
q4_tb    | TB_ARCHITECTURE | q4      |      | 13.0.375.8320 (Windows64) | -O3
Q4       | Behavioral      | q4      |      | 13.0.375.8320 (Windows64) | -O3
----------------------------------------------------------------------------------------------

----------------------------------------------------------------------------------------------
VHDL Package               | Library | Info | Compiler Version          | Compilation Options
----------------------------------------------------------------------------------------------
standard                   | std     |      |                           | <unavailable>
TEXTIO                     | std     |      | 13.0.375.8320 (Windows64) |  -2019
std_logic_1164             | ieee    |      | 13.0.375.8320 (Windows64) |  -2008
NUMERIC_STD                | ieee    |      | 13.0.375.8320 (Windows64) |  -2008
arr_package                | q4      |      | 13.0.375.8320 (Windows64) | -O3
----------------------------------------------------------------------------------------------

----------------------------------------------------------------------------------------------
Library                    | Comment
----------------------------------------------------------------------------------------------
ieee                       | Standard IEEE packages library
q4                         | None
std                        | Standard VHDL library
----------------------------------------------------------------------------------------------


Simulation Options: asim -O5 +access +r +m+q4_tb q4_tb TB_ARCHITECTURE

