# ELBREAD: Elaboration process.
# ELBREAD: Elaboration time 0.1 [s].
asim -O5 +access +r +m+unarytobinary_tb unarytobinary_tb TB_ARCHITECTURE
# ELBREAD: Elaboration process.
# ELBREAD: Elaboration time 0.0 [s].
# VSIM: Stack memory: 32MB
# VSIM: Retval memory: 32MB
acom -O3 -e 100 -work Q3 -2002  $dsn/src/TestBench/unarytobinary_TB.vhd
# Warning: DAGGEN_0523: The source is compiled without the -dbg switch. Line breakpoints and assertion debug will not be available.
# File: D:/active hdl/soal3/Q3/src/TestBench/unarytobinary_TB.vhd
# Compile Entity "unarytobinary_tb"
# Compile Architecture "TB_ARCHITECTURE" of Entity "unarytobinary_tb"
# Compile Configuration "TESTBENCH_FOR_unarytobinary"
# Compile Entity "unarytobinary_tb"
# Compile Architecture "TB_ARCHITECTURE" of Entity "unarytobinary_tb"
# Warning: COMP96_0994: TestBench/unarytobinary_TB.vhd : (70, 1): Multiple architecture "TB_ARCHITECTURE" of entity "unarytobinary_tb" found in "D:/active hdl/soal3/Q3/src/TestBench/unarytobinary_TB.vhd", "D:/active hdl/soal3/Q3/src/TestBench/unarytobinary_TB.vhd".
# Compile Configuration "TESTBENCH_FOR_unarytobinary"
# Warning: COMP96_0994: TestBench/unarytobinary_TB.vhd : (110, 1): Multiple configuration "TESTBENCH_FOR_unarytobinary" found in "D:/active hdl/soal3/Q3/src/TestBench/unarytobinary_TB.vhd", "D:/active hdl/soal3/Q3/src/TestBench/unarytobinary_TB.vhd".
# Compile success 0 Errors 2 Warnings  Analysis time :  0.1 [s]
# ELBREAD: Elaboration process.
# ELBREAD: Elaboration time 0.0 [s].
# KERNEL: Main thread initiated.
# KERNEL: Kernel process initialization phase.
# ELAB2: Elaboration final pass...
# ELAB2: Create instances ...
# KERNEL: Time resolution set to 1ps.
# ELAB2: Create instances complete.
# SLP: Started
# SLP: Elaboration phase ...
# SLP: Elaboration phase ... skipped, nothing to simulate in SLP mode : 0.0 [s]
# SLP: Finished : 0.0 [s]
# ELAB2: Elaboration final pass complete - time: 0.0 [s].
# KERNEL: Kernel process initialization done.
# Allocation: Simulator allocated 5528 kB (elbread=427 elab2=4962 kernel=138 sdf=0)
# KERNEL: ASDB file was created in location D:\active hdl\soal3\Q3\src\wave.asdb
#  4:51 PM, Thursday, April 13, 2023
#  Simulation has been initialized
run 100 ns
# KERNEL: stopped at time: 100 ns
# VSIM: 2 object(s) traced.
# Waveform file 'untitled.awc' connected to 'D:/active hdl/soal3/Q3/src/wave.asdb'.
run 100 ns
# KERNEL: stopped at time: 200 ns
