Active-HDL 13.0.375.8320 2023-04-13 16:49:23

Elaboration top modules:
Architecture                  TB_ARCHITECTURE(alu_tb)


----------------------------------------------------------------------------------------------
Entity   | Architecture    | Library | Info | Compiler Version          | Compilation Options
----------------------------------------------------------------------------------------------
alu_tb   | TB_ARCHITECTURE | soal2   |      | 13.0.375.8320 (Windows64) | -O3
ALU      | Behavioral      | soal2   |      | 13.0.375.8320 (Windows64) | -O3
----------------------------------------------------------------------------------------------

----------------------------------------------------------------------------------------------
VHDL Package               | Library | Info | Compiler Version          | Compilation Options
----------------------------------------------------------------------------------------------
standard                   | std     |      |                           | <unavailable>
TEXTIO                     | std     |      | 13.0.375.8320 (Windows64) |  -2019
std_logic_1164             | ieee    |      | 13.0.375.8320 (Windows64) |  -2008
NUMERIC_STD                | ieee    |      | 13.0.375.8320 (Windows64) |  -2008
----------------------------------------------------------------------------------------------

----------------------------------------------------------------------------------------------
Library                    | Comment
----------------------------------------------------------------------------------------------
ieee                       | Standard IEEE packages library
soal2                      | None
std                        | Standard VHDL library
----------------------------------------------------------------------------------------------
